<?xml version="1.0" encoding="UTF-8"?>
<!-- Generated by org.testng.reporters.JUnitXMLReporter -->
<testsuite ignored="0" hostname="Swapnil" failures="0" tests="4" name="Test" time="0.051" errors="0" timestamp="2023-03-10T14:38:13 IST">
  <testcase classname="practice.PracticeClass1" name="main1" time="0.006"/>
  <testcase classname="practice.PracticeClass1" name="main11" time="0.001"/>
  <testcase classname="practice.PracticeClass2" name="main2" time="0.001"/>
  <testcase classname="practice.PracticeClass2" name="main21" time="0.001"/>
</testsuite> <!-- Test -->
